# JRE version: Java(TM) SE Runtime Environment (8.0_201-b09) (build 1.8.0_201-b09)
# Java VM: Java HotSpot(TM) 64-Bit Server VM (25.201-b09 mixed mode windows-amd64 compressed oops)
Heap:
 PSYoungGen      total 127488K, used 2526K [0x00000000e0000000, 0x00000000e9880000, 0x0000000100000000)
  eden space 98816K, 2% used [0x00000000e0000000,0x00000000e02779f8,0x00000000e6080000)
  from space 28672K, 0% used [0x00000000e7c00000,0x00000000e7c00000,0x00000000e9800000)
  to   space 28160K, 0% used [0x00000000e6080000,0x00000000e6080000,0x00000000e7c00000)
 ParOldGen       total 74240K, used 25665K [0x00000000a0000000, 0x00000000a4880000, 0x00000000e0000000)
  object space 74240K, 34% used [0x00000000a0000000,0x00000000a1910540,0x00000000a4880000)
 Metaspace       used 40889K, capacity 42506K, committed 43008K, reserved 1087488K
  class space    used 5439K, capacity 5778K, committed 5888K, reserved 1048576K
GC Heap History (10 events):
Event: 21.174 GC heap before
{Heap before GC invocations=16 (full 4):
 PSYoungGen      total 127488K, used 0K [0x00000000e0000000, 0x00000000e9880000, 0x0000000100000000)
  eden space 98816K, 0% used [0x00000000e0000000,0x00000000e0000000,0x00000000e6080000)
  from space 28672K, 0% used [0x00000000e7c00000,0x00000000e7c00000,0x00000000e9800000)
  to   space 28160K, 0% used [0x00000000e6080000,0x00000000e6080000,0x00000000e7c00000)
 ParOldGen       total 74240K, used 30391K [0x00000000a0000000, 0x00000000a4880000, 0x00000000e0000000)
  object space 74240K, 40% used [0x00000000a0000000,0x00000000a1dadea0,0x00000000a4880000)
 Metaspace       used 40897K, capacity 42478K, committed 42752K, reserved 1089536K
  class space    used 5443K, capacity 5790K, committed 5888K, reserved 1048576K
Event: 21.302 GC heap after
Heap after GC invocations=16 (full 4):
 PSYoungGen      total 127488K, used 0K [0x00000000e0000000, 0x00000000e9880000, 0x0000000100000000)
  eden space 98816K, 0% used [0x00000000e0000000,0x00000000e0000000,0x00000000e6080000)
  from space 28672K, 0% used [0x00000000e7c00000,0x00000000e7c00000,0x00000000e9800000)
  to   space 28160K, 0% used [0x00000000e6080000,0x00000000e6080000,0x00000000e7c00000)
 ParOldGen       total 74240K, used 27550K [0x00000000a0000000, 0x00000000a4880000, 0x00000000e0000000)
  object space 74240K, 37% used [0x00000000a0000000,0x00000000a1ae7878,0x00000000a4880000)
 Metaspace       used 40874K, capacity 42442K, committed 42752K, reserved 1087488K
  class space    used 5437K, capacity 5778K, committed 5888K, reserved 1048576K
}
Event: 21.305 GC heap before
{Heap before GC invocations=17 (full 4):
 PSYoungGen      total 127488K, used 1867K [0x00000000e0000000, 0x00000000e9880000, 0x0000000100000000)
  eden space 98816K, 1% used [0x00000000e0000000,0x00000000e01d2f98,0x00000000e6080000)
  from space 28672K, 0% used [0x00000000e7c00000,0x00000000e7c00000,0x00000000e9800000)
  to   space 28160K, 0% used [0x00000000e6080000,0x00000000e6080000,0x00000000e7c00000)
 ParOldGen       total 74240K, used 27550K [0x00000000a0000000, 0x00000000a4880000, 0x00000000e0000000)
  object space 74240K, 37% used [0x00000000a0000000,0x00000000a1ae7878,0x00000000a4880000)
 Metaspace       used 40883K, capacity 42442K, committed 42752K, reserved 1091584K
  class space    used 5439K, capacity 5778K, committed 5888K, reserved 1048576K
Event: 21.307 GC heap after
Heap after GC invocations=17 (full 4):
 PSYoungGen      total 126976K, used 64K [0x00000000e0000000, 0x00000000e9880000, 0x0000000100000000)
  eden space 98816K, 0% used [0x00000000e0000000,0x00000000e0000000,0x00000000e6080000)
  from space 28160K, 0% used [0x00000000e6080000,0x00000000e6090000,0x00000000e7c00000)
  to   space 28672K, 0% used [0x00000000e7c00000,0x00000000e7c00000,0x00000000e9800000)
 ParOldGen       total 74240K, used 27550K [0x00000000a0000000, 0x00000000a4880000, 0x00000000e0000000)
  object space 74240K, 37% used [0x00000000a0000000,0x00000000a1ae7878,0x00000000a4880000)
 Metaspace       used 40883K, capacity 42442K, committed 42752K, reserved 1091584K
  class space    used 5439K, capacity 5778K, committed 5888K, reserved 1048576K
}
Event: 21.307 GC heap before
{Heap before GC invocations=18 (full 5):
 PSYoungGen      total 126976K, used 64K [0x00000000e0000000, 0x00000000e9880000, 0x0000000100000000)
  eden space 98816K, 0% used [0x00000000e0000000,0x00000000e0000000,0x00000000e6080000)
  from space 28160K, 0% used [0x00000000e6080000,0x00000000e6090000,0x00000000e7c00000)
  to   space 28672K, 0% used [0x00000000e7c00000,0x00000000e7c00000,0x00000000e9800000)
 ParOldGen       total 74240K, used 27550K [0x00000000a0000000, 0x00000000a4880000, 0x00000000e0000000)
  object space 74240K, 37% used [0x00000000a0000000,0x00000000a1ae7878,0x00000000a4880000)
 Metaspace       used 40883K, capacity 42442K, committed 42752K, reserved 1091584K
  class space    used 5439K, capacity 5778K, committed 5888K, reserved 1048576K
Event: 21.373 GC heap after
Heap after GC invocations=18 (full 5):
 PSYoungGen      total 126976K, used 0K [0x00000000e0000000, 0x00000000e9880000, 0x0000000100000000)
  eden space 98816K, 0% used [0x00000000e0000000,0x00000000e0000000,0x00000000e6080000)
  from space 28160K, 0% used [0x00000000e6080000,0x00000000e6080000,0x00000000e7c00000)
  to   space 28672K, 0% used [0x00000000e7c00000,0x00000000e7c00000,0x00000000e9800000)
 ParOldGen       total 74240K, used 25668K [0x00000000a0000000, 0x00000000a4880000, 0x00000000e0000000)
  object space 74240K, 34% used [0x00000000a0000000,0x00000000a1911128,0x00000000a4880000)
 Metaspace       used 40883K, capacity 42442K, committed 42752K, reserved 1087488K
  class space    used 5439K, capacity 5778K, committed 5888K, reserved 1048576K
}
Event: 21.373 GC heap before
{Heap before GC invocations=19 (full 5):
 PSYoungGen      total 126976K, used 0K [0x00000000e0000000, 0x00000000e9880000, 0x0000000100000000)
  eden space 98816K, 0% used [0x00000000e0000000,0x00000000e0000000,0x00000000e6080000)
  from space 28160K, 0% used [0x00000000e6080000,0x00000000e6080000,0x00000000e7c00000)
  to   space 28672K, 0% used [0x00000000e7c00000,0x00000000e7c00000,0x00000000e9800000)
 ParOldGen       total 74240K, used 25668K [0x00000000a0000000, 0x00000000a4880000, 0x00000000e0000000)
  object space 74240K, 34% used [0x00000000a0000000,0x00000000a1911128,0x00000000a4880000)
 Metaspace       used 40883K, capacity 42442K, committed 42752K, reserved 1091584K
  class space    used 5439K, capacity 5778K, committed 5888K, reserved 1048576K
Event: 21.374 GC heap after
Heap after GC invocations=19 (full 5):
 PSYoungGen      total 127488K, used 0K [0x00000000e0000000, 0x00000000e9880000, 0x0000000100000000)
  eden space 98816K, 0% used [0x00000000e0000000,0x00000000e0000000,0x00000000e6080000)
  from space 28672K, 0% used [0x00000000e7c00000,0x00000000e7c00000,0x00000000e9800000)
  to   space 28160K, 0% used [0x00000000e6080000,0x00000000e6080000,0x00000000e7c00000)
 ParOldGen       total 74240K, used 25668K [0x00000000a0000000, 0x00000000a4880000, 0x00000000e0000000)
  object space 74240K, 34% used [0x00000000a0000000,0x00000000a1911128,0x00000000a4880000)
 Metaspace       used 40883K, capacity 42442K, committed 42752K, reserved 1091584K
  class space    used 5439K, capacity 5778K, committed 5888K, reserved 1048576K
}
Event: 21.374 GC heap before
{Heap before GC invocations=20 (full 6):
 PSYoungGen      total 127488K, used 0K [0x00000000e0000000, 0x00000000e9880000, 0x0000000100000000)
  eden space 98816K, 0% used [0x00000000e0000000,0x00000000e0000000,0x00000000e6080000)
  from space 28672K, 0% used [0x00000000e7c00000,0x00000000e7c00000,0x00000000e9800000)
  to   space 28160K, 0% used [0x00000000e6080000,0x00000000e6080000,0x00000000e7c00000)
 ParOldGen       total 74240K, used 25668K [0x00000000a0000000, 0x00000000a4880000, 0x00000000e0000000)
  object space 74240K, 34% used [0x00000000a0000000,0x00000000a1911128,0x00000000a4880000)
 Metaspace       used 40883K, capacity 42442K, committed 42752K, reserved 1091584K
  class space    used 5439K, capacity 5778K, committed 5888K, reserved 1048576K
Event: 21.460 GC heap after
Heap after GC invocations=20 (full 6):
 PSYoungGen      total 127488K, used 0K [0x00000000e0000000, 0x00000000e9880000, 0x0000000100000000)
  eden space 98816K, 0% used [0x00000000e0000000,0x00000000e0000000,0x00000000e6080000)
  from space 28672K, 0% used [0x00000000e7c00000,0x00000000e7c00000,0x00000000e9800000)
  to   space 28160K, 0% used [0x00000000e6080000,0x00000000e6080000,0x00000000e7c00000)
 ParOldGen       total 74240K, used 25665K [0x00000000a0000000, 0x00000000a4880000, 0x00000000e0000000)
  object space 74240K, 34% used [0x00000000a0000000,0x00000000a1910540,0x00000000a4880000)
 Metaspace       used 40883K, capacity 42442K, committed 42752K, reserved 1087488K
  class space    used 5439K, capacity 5778K, committed 5888K, reserved 1048576K
}

