# JRE version: Java(TM) SE Runtime Environment (8.0_231-b11) (build 1.8.0_231-b11)
# Java VM: Java HotSpot(TM) 64-Bit Server VM (25.231-b11 mixed mode windows-amd64 compressed oops)
Heap:
 PSYoungGen      total 63488K, used 8357K [0x000000078ab00000, 0x0000000792a00000, 0x00000007c0000000)
  eden space 56832K, 3% used [0x000000078ab00000,0x000000078acaa460,0x000000078e280000)
  from space 6656K, 99% used [0x000000078e280000,0x000000078e8ff050,0x000000078e900000)
  to   space 27648K, 0% used [0x0000000790f00000,0x0000000790f00000,0x0000000792a00000)
 ParOldGen       total 119808K, used 38946K [0x0000000720000000, 0x0000000727500000, 0x000000078ab00000)
  object space 119808K, 32% used [0x0000000720000000,0x0000000722608918,0x0000000727500000)
 Metaspace       used 38505K, capacity 40624K, committed 40880K, reserved 1083392K
  class space    used 5551K, capacity 5957K, committed 6064K, reserved 1048576K
GC Heap History (10 events):
Event: 2.128 GC heap before
{Heap before GC invocations=3 (full 1):
 PSYoungGen      total 47616K, used 6624K [0x000000078ab00000, 0x0000000790800000, 0x00000007c0000000)
  eden space 40960K, 0% used [0x000000078ab00000,0x000000078ab00000,0x000000078d300000)
  from space 6656K, 99% used [0x000000078d980000,0x000000078dff8160,0x000000078e000000)
  to   space 6656K, 0% used [0x000000078d300000,0x000000078d300000,0x000000078d980000)
 ParOldGen       total 109568K, used 3103K [0x0000000720000000, 0x0000000726b00000, 0x000000078ab00000)
  object space 109568K, 2% used [0x0000000720000000,0x0000000720307fc8,0x0000000726b00000)
 Metaspace       used 20672K, capacity 21120K, committed 21296K, reserved 1067008K
  class space    used 2679K, capacity 2826K, committed 2864K, reserved 1048576K
Event: 2.156 GC heap after
Heap after GC invocations=3 (full 1):
 PSYoungGen      total 47616K, used 0K [0x000000078ab00000, 0x0000000790800000, 0x00000007c0000000)
  eden space 40960K, 0% used [0x000000078ab00000,0x000000078ab00000,0x000000078d300000)
  from space 6656K, 0% used [0x000000078d980000,0x000000078d980000,0x000000078e000000)
  to   space 6656K, 0% used [0x000000078d300000,0x000000078d300000,0x000000078d980000)
 ParOldGen       total 74240K, used 8024K [0x0000000720000000, 0x0000000724880000, 0x000000078ab00000)
  object space 74240K, 10% used [0x0000000720000000,0x00000007207d63c8,0x0000000724880000)
 Metaspace       used 20672K, capacity 21120K, committed 21296K, reserved 1067008K
  class space    used 2679K, capacity 2826K, committed 2864K, reserved 1048576K
}
Event: 3.574 GC heap before
{Heap before GC invocations=4 (full 1):
 PSYoungGen      total 47616K, used 40960K [0x000000078ab00000, 0x0000000790800000, 0x00000007c0000000)
  eden space 40960K, 100% used [0x000000078ab00000,0x000000078d300000,0x000000078d300000)
  from space 6656K, 0% used [0x000000078d980000,0x000000078d980000,0x000000078e000000)
  to   space 6656K, 0% used [0x000000078d300000,0x000000078d300000,0x000000078d980000)
 ParOldGen       total 74240K, used 8024K [0x0000000720000000, 0x0000000724880000, 0x000000078ab00000)
  object space 74240K, 10% used [0x0000000720000000,0x00000007207d63c8,0x0000000724880000)
 Metaspace       used 32615K, capacity 34142K, committed 34352K, reserved 1079296K
  class space    used 4743K, capacity 5060K, committed 5168K, reserved 1048576K
Event: 3.580 GC heap after
Heap after GC invocations=4 (full 1):
 PSYoungGen      total 47616K, used 6625K [0x000000078ab00000, 0x000000078ef80000, 0x00000007c0000000)
  eden space 40960K, 0% used [0x000000078ab00000,0x000000078ab00000,0x000000078d300000)
  from space 6656K, 99% used [0x000000078d300000,0x000000078d9785e0,0x000000078d980000)
  to   space 6656K, 0% used [0x000000078e900000,0x000000078e900000,0x000000078ef80000)
 ParOldGen       total 74240K, used 8148K [0x0000000720000000, 0x0000000724880000, 0x000000078ab00000)
  object space 74240K, 10% used [0x0000000720000000,0x00000007207f50e0,0x0000000724880000)
 Metaspace       used 32615K, capacity 34142K, committed 34352K, reserved 1079296K
  class space    used 4743K, capacity 5060K, committed 5168K, reserved 1048576K
}
Event: 3.800 GC heap before
{Heap before GC invocations=5 (full 1):
 PSYoungGen      total 47616K, used 14143K [0x000000078ab00000, 0x000000078ef80000, 0x00000007c0000000)
  eden space 40960K, 18% used [0x000000078ab00000,0x000000078b257668,0x000000078d300000)
  from space 6656K, 99% used [0x000000078d300000,0x000000078d9785e0,0x000000078d980000)
  to   space 6656K, 0% used [0x000000078e900000,0x000000078e900000,0x000000078ef80000)
 ParOldGen       total 74240K, used 8148K [0x0000000720000000, 0x0000000724880000, 0x000000078ab00000)
  object space 74240K, 10% used [0x0000000720000000,0x00000007207f50e0,0x0000000724880000)
 Metaspace       used 33748K, capacity 35390K, committed 35496K, reserved 1079296K
  class space    used 4903K, capacity 5218K, committed 5296K, reserved 1048576K
Event: 3.806 GC heap after
Heap after GC invocations=5 (full 1):
 PSYoungGen      total 63488K, used 5642K [0x000000078ab00000, 0x000000078f400000, 0x00000007c0000000)
  eden space 56832K, 0% used [0x000000078ab00000,0x000000078ab00000,0x000000078e280000)
  from space 6656K, 84% used [0x000000078e900000,0x000000078ee82970,0x000000078ef80000)
  to   space 6656K, 0% used [0x000000078e280000,0x000000078e280000,0x000000078e900000)
 ParOldGen       total 74240K, used 8167K [0x0000000720000000, 0x0000000724880000, 0x000000078ab00000)
  object space 74240K, 11% used [0x0000000720000000,0x00000007207f9d10,0x0000000724880000)
 Metaspace       used 33748K, capacity 35390K, committed 35496K, reserved 1079296K
  class space    used 4903K, capacity 5218K, committed 5296K, reserved 1048576K
}
Event: 3.806 GC heap before
{Heap before GC invocations=6 (full 2):
 PSYoungGen      total 63488K, used 5642K [0x000000078ab00000, 0x000000078f400000, 0x00000007c0000000)
  eden space 56832K, 0% used [0x000000078ab00000,0x000000078ab00000,0x000000078e280000)
  from space 6656K, 84% used [0x000000078e900000,0x000000078ee82970,0x000000078ef80000)
  to   space 6656K, 0% used [0x000000078e280000,0x000000078e280000,0x000000078e900000)
 ParOldGen       total 74240K, used 8167K [0x0000000720000000, 0x0000000724880000, 0x000000078ab00000)
  object space 74240K, 11% used [0x0000000720000000,0x00000007207f9d10,0x0000000724880000)
 Metaspace       used 33748K, capacity 35390K, committed 35496K, reserved 1079296K
  class space    used 4903K, capacity 5218K, committed 5296K, reserved 1048576K
Event: 3.863 GC heap after
Heap after GC invocations=6 (full 2):
 PSYoungGen      total 63488K, used 0K [0x000000078ab00000, 0x000000078f400000, 0x00000007c0000000)
  eden space 56832K, 0% used [0x000000078ab00000,0x000000078ab00000,0x000000078e280000)
  from space 6656K, 0% used [0x000000078e900000,0x000000078e900000,0x000000078ef80000)
  to   space 6656K, 0% used [0x000000078e280000,0x000000078e280000,0x000000078e900000)
 ParOldGen       total 119808K, used 11251K [0x0000000720000000, 0x0000000727500000, 0x000000078ab00000)
  object space 119808K, 9% used [0x0000000720000000,0x0000000720afcd50,0x0000000727500000)
 Metaspace       used 33748K, capacity 35390K, committed 35496K, reserved 1079296K
  class space    used 4903K, capacity 5218K, committed 5296K, reserved 1048576K
}
Event: 12.706 GC heap before
{Heap before GC invocations=7 (full 2):
 PSYoungGen      total 63488K, used 56832K [0x000000078ab00000, 0x000000078f400000, 0x00000007c0000000)
  eden space 56832K, 100% used [0x000000078ab00000,0x000000078e280000,0x000000078e280000)
  from space 6656K, 0% used [0x000000078e900000,0x000000078e900000,0x000000078ef80000)
  to   space 6656K, 0% used [0x000000078e280000,0x000000078e280000,0x000000078e900000)
 ParOldGen       total 119808K, used 11251K [0x0000000720000000, 0x0000000727500000, 0x000000078ab00000)
  object space 119808K, 9% used [0x0000000720000000,0x0000000720afcd50,0x0000000727500000)
 Metaspace       used 38500K, capacity 40618K, committed 40880K, reserved 1083392K
  class space    used 5550K, capacity 5956K, committed 6064K, reserved 1048576K
Event: 12.742 GC heap after
Heap after GC invocations=7 (full 2):
 PSYoungGen      total 63488K, used 6652K [0x000000078ab00000, 0x0000000792a00000, 0x00000007c0000000)
  eden space 56832K, 0% used [0x000000078ab00000,0x000000078ab00000,0x000000078e280000)
  from space 6656K, 99% used [0x000000078e280000,0x000000078e8ff050,0x000000078e900000)
  to   space 27648K, 0% used [0x0000000790f00000,0x0000000790f00000,0x0000000792a00000)
 ParOldGen       total 119808K, used 38946K [0x0000000720000000, 0x0000000727500000, 0x000000078ab00000)
  object space 119808K, 32% used [0x0000000720000000,0x0000000722608918,0x0000000727500000)
 Metaspace       used 38500K, capacity 40618K, committed 40880K, reserved 1083392K
  class space    used 5550K, capacity 5956K, committed 6064K, reserved 1048576K
}

